{"/home/skopsap/development/my-projects/fullstack-grow/notes/src/components/app-home/app-home.tsx": {"path":"/home/skopsap/development/my-projects/fullstack-grow/notes/src/components/app-home/app-home.tsx","statementMap":{"0":{"start":{"line":1,"column":0},"end":{"line":1,"column":45}},"1":{"start":{"line":10,"column":4},"end":{"line":14,"column":6}},"2":{"start":{"line":3,"column":0},"end":{"line":3,"column":null}}},"fnMap":{"0":{"name":"(anonymous_1)","decl":{"start":{"line":9,"column":2},"end":{"line":9,"column":8}},"loc":{"start":{"line":9,"column":8},"end":{"line":15,"column":3}}}},"branchMap":{},"s":{"0":1,"1":1,"2":1},"f":{"0":1},"b":{}}
,"/home/skopsap/development/my-projects/fullstack-grow/notes/src/components/fsg-notes-list/fsg-notes-list.tsx": {"path":"/home/skopsap/development/my-projects/fullstack-grow/notes/src/components/fsg-notes-list/fsg-notes-list.tsx","statementMap":{"0":{"start":{"line":1,"column":0},"end":{"line":1,"column":45}},"1":{"start":{"line":2,"column":0},"end":{"line":2,"column":50}},"2":{"start":{"line":3,"column":0},"end":{"line":3,"column":26}},"3":{"start":{"line":4,"column":0},"end":{"line":4,"column":25}},"4":{"start":{"line":6,"column":0},"end":{"line":6,"column":19}},"5":{"start":{"line":18,"column":18},"end":{"line":18,"column":27}},"6":{"start":{"line":19,"column":4},"end":{"line":41,"column":6}},"7":{"start":{"line":32,"column":14},"end":{"line":35,"column":null}},"8":{"start":{"line":11,"column":0},"end":{"line":11,"column":null}}},"fnMap":{"0":{"name":"(anonymous_2)","decl":{"start":{"line":17,"column":2},"end":{"line":17,"column":8}},"loc":{"start":{"line":17,"column":8},"end":{"line":42,"column":3}}},"1":{"name":"(anonymous_3)","decl":{"start":{"line":31,"column":23},"end":{"line":31,"column":24}},"loc":{"start":{"line":32,"column":14},"end":{"line":35,"column":null}}}},"branchMap":{},"s":{"0":1,"1":1,"2":1,"3":1,"4":1,"5":1,"6":1,"7":4,"8":1},"f":{"0":1,"1":4},"b":{}}
,"/home/skopsap/development/my-projects/fullstack-grow/notes/src/library/NotesData.ts": {"path":"/home/skopsap/development/my-projects/fullstack-grow/notes/src/library/NotesData.ts","statementMap":{"0":{"start":{"line":9,"column":13},"end":{"line":16,"column":2}},"1":{"start":{"line":22,"column":2},"end":{"line":22,"column":26}},"2":{"start":{"line":21,"column":0},"end":{"line":21,"column":16}}},"fnMap":{"0":{"name":"getList","decl":{"start":{"line":21,"column":16},"end":{"line":21,"column":23}},"loc":{"start":{"line":21,"column":23},"end":{"line":23,"column":1}}}},"branchMap":{},"s":{"0":1,"1":1,"2":1},"f":{"0":1},"b":{}}
}
