TN:
SF:src/components/app-home/app-home.tsx
FN:9,(anonymous_1)
FNF:1
FNH:1
FNDA:1,(anonymous_1)
DA:1,1
DA:3,1
DA:10,1
LF:3
LH:3
BRF:0
BRH:0
end_of_record
TN:
SF:src/components/fsg-notes-list/fsg-notes-list.tsx
FN:17,(anonymous_2)
FN:31,(anonymous_3)
FNF:2
FNH:2
FNDA:1,(anonymous_2)
FNDA:4,(anonymous_3)
DA:1,1
DA:2,1
DA:3,1
DA:4,1
DA:6,1
DA:11,1
DA:18,1
DA:19,1
DA:32,4
LF:9
LH:9
BRF:0
BRH:0
end_of_record
TN:
SF:src/library/NotesData.ts
FN:21,getList
FNF:1
FNH:1
FNDA:1,getList
DA:9,1
DA:21,1
DA:22,1
LF:3
LH:3
BRF:0
BRH:0
end_of_record
