TN:
SF:src/components/app-home/app-home.tsx
FN:9,(anonymous_1)
FNF:1
FNH:1
FNDA:1,(anonymous_1)
DA:1,1
DA:3,1
DA:10,1
LF:3
LH:3
BRF:0
BRH:0
end_of_record
TN:
SF:src/components/fsg-notes-list/fsg-notes-list.tsx
FN:13,(anonymous_1)
FN:27,(anonymous_2)
FNF:2
FNH:2
FNDA:1,(anonymous_1)
FNDA:4,(anonymous_2)
DA:1,1
DA:2,1
DA:7,1
DA:14,1
DA:15,1
DA:28,4
LF:6
LH:6
BRF:0
BRH:0
end_of_record
TN:
SF:src/library/NotesData.ts
FN:10,getList
FNF:1
FNH:1
FNDA:1,getList
DA:1,1
DA:10,1
DA:11,1
LF:3
LH:3
BRF:0
BRH:0
end_of_record
